23:06:14.217 [main] INFO  api.test.UserTests - ******** Creating User ********
23:06:18.965 [main] INFO  api.test.UserTests - ******** User is Created ********
23:06:19.000 [main] INFO  api.test.UserTests - ******** Reading User Info ********
23:06:20.081 [main] INFO  api.test.UserTests - ******** User Info Is Displayed ********
23:06:20.087 [main] INFO  api.test.UserTests - ******** Updating User ********
23:06:21.419 [main] INFO  api.test.UserTests - ******** User Is Updated ********
23:06:21.425 [main] INFO  api.test.UserTests - ******** Deleting User ********
23:06:22.485 [main] INFO  api.test.UserTests - ******** User Deleted ********
23:07:57.701 [main] INFO  api.test.UserTests - ******** Creating User ********
23:08:00.762 [main] INFO  api.test.UserTests - ******** User is Created ********
23:08:00.793 [main] INFO  api.test.UserTests - ******** Reading User Info ********
23:08:01.467 [main] INFO  api.test.UserTests - ******** User Info Is Displayed ********
23:08:01.471 [main] INFO  api.test.UserTests - ******** Updating User ********
23:08:02.819 [main] INFO  api.test.UserTests - ******** User Is Updated ********
23:08:02.823 [main] INFO  api.test.UserTests - ******** Deleting User ********
23:08:03.465 [main] INFO  api.test.UserTests - ******** User Deleted ********
23:08:48.831 [main] INFO  api.test.UserTests - ******** Creating User ********
23:08:51.925 [main] INFO  api.test.UserTests - ******** User is Created ********
23:08:51.952 [main] INFO  api.test.UserTests - ******** Reading User Info ********
23:08:52.701 [main] INFO  api.test.UserTests - ******** User Info Is Displayed ********
23:08:52.706 [main] INFO  api.test.UserTests - ******** Updating User ********
23:08:54.865 [main] INFO  api.test.UserTests - ******** User Is Updated ********
23:08:54.872 [main] INFO  api.test.UserTests - ******** Deleting User ********
23:08:56.067 [main] INFO  api.test.UserTests - ******** User Deleted ********
23:09:24.311 [main] INFO  api.test.UserTests - ******** Creating User ********
23:09:27.584 [main] INFO  api.test.UserTests - ******** User is Created ********
23:09:27.612 [main] INFO  api.test.UserTests - ******** Reading User Info ********
23:09:28.699 [main] INFO  api.test.UserTests - ******** User Info Is Displayed ********
23:09:28.705 [main] INFO  api.test.UserTests - ******** Updating User ********
23:09:30.047 [main] INFO  api.test.UserTests - ******** User Is Updated ********
23:09:30.051 [main] INFO  api.test.UserTests - ******** Deleting User ********
23:09:30.720 [main] INFO  api.test.UserTests - ******** User Deleted ********
23:13:31.000 [main] INFO  api.test.UserTests - ******** Creating User ********
23:13:35.105 [main] INFO  api.test.UserTests - ******** User is Created ********
23:13:35.137 [main] INFO  api.test.UserTests - ******** Reading User Info ********
23:13:36.244 [main] INFO  api.test.UserTests - ******** User Info Is Displayed ********
23:13:36.249 [main] INFO  api.test.UserTests - ******** Updating User ********
23:13:37.630 [main] INFO  api.test.UserTests - ******** User Is Updated ********
23:13:37.638 [main] INFO  api.test.UserTests - ******** Deleting User ********
23:13:38.279 [main] INFO  api.test.UserTests - ******** User Deleted ********
23:46:25.160 [main] INFO  api.test.UserTests2 - ******** Creating User ********
23:46:29.202 [main] INFO  api.test.UserTests2 - ******** User is Created ********
23:46:29.235 [main] INFO  api.test.UserTests2 - ******** Reading User Info ********
23:46:29.933 [main] INFO  api.test.UserTests2 - ******** User Info Is Displayed ********
23:46:29.945 [main] INFO  api.test.UserTests2 - ******** Updating User ********
23:46:31.682 [main] INFO  api.test.UserTests2 - ******** User Is Updated ********
23:46:31.686 [main] INFO  api.test.UserTests2 - ******** Deleting User ********
23:46:32.325 [main] INFO  api.test.UserTests2 - ******** User Deleted ********
00:02:24.369 [main] INFO  api.test.UserTests2 - ******** Creating User ********
00:02:28.364 [main] INFO  api.test.UserTests2 - ******** User is Created ********
00:02:28.400 [main] INFO  api.test.UserTests2 - ******** Reading User Info ********
00:02:29.091 [main] INFO  api.test.UserTests2 - ******** User Info Is Displayed ********
00:02:29.094 [main] INFO  api.test.UserTests2 - ******** Updating User ********
00:02:30.406 [main] INFO  api.test.UserTests2 - ******** User Is Updated ********
00:02:30.408 [main] INFO  api.test.UserTests2 - ******** Deleting User ********
00:02:31.048 [main] INFO  api.test.UserTests2 - ******** User Deleted ********
00:11:28.975 [main] INFO  api.test.UserTests2 - ******** Creating User ********
00:11:33.790 [main] INFO  api.test.UserTests2 - ******** User is Created ********
00:11:33.820 [main] INFO  api.test.UserTests2 - ******** Reading User Info ********
00:11:34.510 [main] INFO  api.test.UserTests2 - ******** User Info Is Displayed ********
00:11:34.512 [main] INFO  api.test.UserTests2 - ******** Updating User ********
00:11:36.647 [main] INFO  api.test.UserTests2 - ******** User Is Updated ********
00:11:36.651 [main] INFO  api.test.UserTests2 - ******** Deleting User ********
00:11:37.292 [main] INFO  api.test.UserTests2 - ******** User Deleted ********
00:14:48.184 [main] INFO  api.test.UserTests2 - ******** Creating User ********
00:14:52.726 [main] INFO  api.test.UserTests2 - ******** User is Created ********
00:14:52.752 [main] INFO  api.test.UserTests2 - ******** Reading User Info ********
00:14:53.417 [main] INFO  api.test.UserTests2 - ******** User Info Is Displayed ********
00:14:53.420 [main] INFO  api.test.UserTests2 - ******** Updating User ********
00:14:55.372 [main] INFO  api.test.UserTests2 - ******** User Is Updated ********
00:14:55.375 [main] INFO  api.test.UserTests2 - ******** Deleting User ********
00:14:56.009 [main] INFO  api.test.UserTests2 - ******** User Deleted ********
00:16:57.115 [main] INFO  api.test.UserTests2 - ******** Creating User ********
00:17:00.774 [main] INFO  api.test.UserTests2 - ******** User is Created ********
00:17:00.796 [main] INFO  api.test.UserTests2 - ******** Reading User Info ********
00:17:01.497 [main] INFO  api.test.UserTests2 - ******** User Info Is Displayed ********
00:17:01.501 [main] INFO  api.test.UserTests2 - ******** Updating User ********
00:17:03.101 [main] INFO  api.test.UserTests2 - ******** User Is Updated ********
00:17:03.104 [main] INFO  api.test.UserTests2 - ******** Deleting User ********
00:17:03.908 [main] INFO  api.test.UserTests2 - ******** User Deleted ********
00:21:56.947 [main] INFO  api.test.UserTests2 - ******** Creating User ********
00:22:00.884 [main] INFO  api.test.UserTests2 - ******** User is Created ********
00:22:00.905 [main] INFO  api.test.UserTests2 - ******** Reading User Info ********
00:22:01.868 [main] INFO  api.test.UserTests2 - ******** User Info Is Displayed ********
00:22:01.871 [main] INFO  api.test.UserTests2 - ******** Updating User ********
00:22:03.198 [main] INFO  api.test.UserTests2 - ******** User Is Updated ********
00:22:03.202 [main] INFO  api.test.UserTests2 - ******** Deleting User ********
00:22:04.002 [main] INFO  api.test.UserTests2 - ******** User Deleted ********
00:23:20.499 [main] INFO  api.test.UserTests2 - ******** Creating User ********
00:23:23.473 [main] INFO  api.test.UserTests2 - ******** User is Created ********
00:23:23.493 [main] INFO  api.test.UserTests2 - ******** Reading User Info ********
00:23:24.167 [main] INFO  api.test.UserTests2 - ******** User Info Is Displayed ********
00:23:24.172 [main] INFO  api.test.UserTests2 - ******** Updating User ********
00:23:25.788 [main] INFO  api.test.UserTests2 - ******** User Is Updated ********
00:23:25.791 [main] INFO  api.test.UserTests2 - ******** Deleting User ********
00:23:26.954 [main] INFO  api.test.UserTests2 - ******** User Deleted ********
00:24:46.292 [main] INFO  api.test.UserTests2 - ******** Creating User ********
00:24:50.253 [main] INFO  api.test.UserTests2 - ******** User is Created ********
00:24:50.279 [main] INFO  api.test.UserTests2 - ******** Reading User Info ********
00:24:51.359 [main] INFO  api.test.UserTests2 - ******** User Info Is Displayed ********
00:24:51.362 [main] INFO  api.test.UserTests2 - ******** Updating User ********
00:24:53.068 [main] INFO  api.test.UserTests2 - ******** User Is Updated ********
00:24:53.071 [main] INFO  api.test.UserTests2 - ******** Deleting User ********
00:24:53.709 [main] INFO  api.test.UserTests2 - ******** User Deleted ********
00:25:30.194 [main] INFO  api.test.UserTests2 - ******** Creating User ********
00:25:33.485 [main] INFO  api.test.UserTests2 - ******** User is Created ********
00:25:33.503 [main] INFO  api.test.UserTests2 - ******** Reading User Info ********
00:25:34.165 [main] INFO  api.test.UserTests2 - ******** User Info Is Displayed ********
00:25:34.167 [main] INFO  api.test.UserTests2 - ******** Updating User ********
00:25:36.043 [main] INFO  api.test.UserTests2 - ******** User Is Updated ********
00:25:36.045 [main] INFO  api.test.UserTests2 - ******** Deleting User ********
00:25:37.083 [main] INFO  api.test.UserTests2 - ******** User Deleted ********
20:25:46.142 [main] INFO  api.test.UserTests2 - ******** Creating User ********
20:25:50.120 [main] INFO  api.test.UserTests2 - ******** User is Created ********
20:25:50.142 [main] INFO  api.test.UserTests2 - ******** Reading User Info ********
20:25:51.005 [main] INFO  api.test.UserTests2 - ******** User Info Is Displayed ********
20:25:51.008 [main] INFO  api.test.UserTests2 - ******** Updating User ********
20:25:52.387 [main] INFO  api.test.UserTests2 - ******** User Is Updated ********
20:25:52.392 [main] INFO  api.test.UserTests2 - ******** Deleting User ********
20:25:53.458 [main] INFO  api.test.UserTests2 - ******** User Deleted ********
20:33:41.819 [main] INFO  api.test.UserTests2 - ******** Creating User ********
20:33:45.859 [main] INFO  api.test.UserTests2 - ******** User is Created ********
20:33:45.885 [main] INFO  api.test.UserTests2 - ******** Reading User Info ********
20:33:46.857 [main] INFO  api.test.UserTests2 - ******** User Info Is Displayed ********
20:33:46.860 [main] INFO  api.test.UserTests2 - ******** Updating User ********
20:33:48.196 [main] INFO  api.test.UserTests2 - ******** User Is Updated ********
20:33:48.198 [main] INFO  api.test.UserTests2 - ******** Deleting User ********
20:33:48.855 [main] INFO  api.test.UserTests2 - ******** User Deleted ********
20:34:52.246 [main] INFO  api.test.UserTests2 - ******** Creating User ********
20:34:55.896 [main] INFO  api.test.UserTests2 - ******** User is Created ********
20:34:55.917 [main] INFO  api.test.UserTests2 - ******** Reading User Info ********
20:34:57.045 [main] INFO  api.test.UserTests2 - ******** User Info Is Displayed ********
20:34:57.048 [main] INFO  api.test.UserTests2 - ******** Updating User ********
20:34:58.738 [main] INFO  api.test.UserTests2 - ******** User Is Updated ********
20:34:58.742 [main] INFO  api.test.UserTests2 - ******** Deleting User ********
20:34:59.401 [main] INFO  api.test.UserTests2 - ******** User Deleted ********
20:35:44.201 [main] INFO  api.test.UserTests2 - ******** Creating User ********
20:35:49.493 [main] INFO  api.test.UserTests2 - ******** User is Created ********
20:35:49.524 [main] INFO  api.test.UserTests2 - ******** Reading User Info ********
20:35:50.711 [main] INFO  api.test.UserTests2 - ******** User Info Is Displayed ********
20:35:50.715 [main] INFO  api.test.UserTests2 - ******** Updating User ********
20:35:52.071 [main] INFO  api.test.UserTests2 - ******** User Is Updated ********
20:35:52.075 [main] INFO  api.test.UserTests2 - ******** Deleting User ********
20:35:53.002 [main] INFO  api.test.UserTests2 - ******** User Deleted ********
